2019-08-14 20:53:14.336  INFO 6764 --- [restartedMain] com.yjb.CommunityApplication             : Starting CommunityApplication on DESKTOP-CCA5QDN with PID 6764 (D:\Workplace\intellij\community\target\classes started by admin in D:\Workplace\intellij\community)
2019-08-14 20:53:14.336  INFO 6764 --- [restartedMain] com.yjb.CommunityApplication             : No active profile set, falling back to default profiles: default
2019-08-14 20:53:14.446  INFO 6764 --- [restartedMain] .e.DevToolsPropertyDefaultsPostProcessor : Devtools property defaults active! Set 'spring.devtools.add-properties' to 'false' to disable
2019-08-14 20:53:14.446  INFO 6764 --- [restartedMain] .e.DevToolsPropertyDefaultsPostProcessor : For additional web related logging consider setting the 'logging.level.web' property to 'DEBUG'
2019-08-14 20:53:17.226  INFO 6764 --- [restartedMain] o.s.b.w.embedded.tomcat.TomcatWebServer  : Tomcat initialized with port(s): 8082 (http)
2019-08-14 20:53:17.257  INFO 6764 --- [restartedMain] o.apache.catalina.core.StandardService   : Starting service [Tomcat]
2019-08-14 20:53:17.257  INFO 6764 --- [restartedMain] org.apache.catalina.core.StandardEngine  : Starting Servlet engine: [Apache Tomcat/9.0.21]
2019-08-14 20:53:17.273  INFO 6764 --- [restartedMain] o.a.catalina.core.AprLifecycleListener   : An older version [1.2.17] of the APR based Apache Tomcat Native library is installed, while Tomcat recommends a minimum version of [1.2.21]
2019-08-14 20:53:17.273  INFO 6764 --- [restartedMain] o.a.catalina.core.AprLifecycleListener   : Loaded APR based Apache Tomcat Native library [1.2.17] using APR version [1.6.3].
2019-08-14 20:53:17.273  INFO 6764 --- [restartedMain] o.a.catalina.core.AprLifecycleListener   : APR capabilities: IPv6 [true], sendfile [true], accept filters [false], random [true].
2019-08-14 20:53:17.273  INFO 6764 --- [restartedMain] o.a.catalina.core.AprLifecycleListener   : APR/OpenSSL configuration: useAprConnector [false], useOpenSSL [true]
2019-08-14 20:53:18.320  INFO 6764 --- [restartedMain] o.a.catalina.core.AprLifecycleListener   : OpenSSL successfully initialized [OpenSSL 1.0.2o  27 Mar 2018]
2019-08-14 20:53:18.445  INFO 6764 --- [restartedMain] o.a.c.c.C.[Tomcat].[localhost].[/]       : Initializing Spring embedded WebApplicationContext
2019-08-14 20:53:18.445  INFO 6764 --- [restartedMain] o.s.web.context.ContextLoader            : Root WebApplicationContext: initialization completed in 3999 ms
2019-08-14 20:53:19.273  INFO 6764 --- [restartedMain] o.s.s.concurrent.ThreadPoolTaskExecutor  : Initializing ExecutorService 'applicationTaskExecutor'
2019-08-14 20:53:19.444  INFO 6764 --- [restartedMain] o.s.b.a.w.s.WelcomePageHandlerMapping    : Adding welcome page template: index
2019-08-14 20:53:20.382  INFO 6764 --- [restartedMain] o.s.b.d.a.OptionalLiveReloadServer       : LiveReload server is running on port 35729
2019-08-14 20:53:20.444  INFO 6764 --- [restartedMain] o.s.b.w.embedded.tomcat.TomcatWebServer  : Tomcat started on port(s): 8082 (http) with context path ''
2019-08-14 20:53:20.460  INFO 6764 --- [restartedMain] com.yjb.CommunityApplication             : Started CommunityApplication in 6.936 seconds (JVM running for 8.848)
2019-08-14 20:55:03.076  INFO 6764 --- [http-nio-8082-exec-1] o.a.c.c.C.[Tomcat].[localhost].[/]       : Initializing Spring DispatcherServlet 'dispatcherServlet'
2019-08-14 20:55:03.076  INFO 6764 --- [http-nio-8082-exec-1] o.s.web.servlet.DispatcherServlet        : Initializing Servlet 'dispatcherServlet'
2019-08-14 20:55:03.100  INFO 6764 --- [http-nio-8082-exec-1] o.s.web.servlet.DispatcherServlet        : Completed initialization in 24 ms
2019-08-14 20:55:03.250  INFO 6764 --- [http-nio-8082-exec-1] com.zaxxer.hikari.HikariDataSource       : HikariPool-1 - Starting...
2019-08-14 20:55:03.678  INFO 6764 --- [http-nio-8082-exec-1] com.zaxxer.hikari.HikariDataSource       : HikariPool-1 - Start completed.
2019-08-14 20:57:25.041  INFO 8576 --- [restartedMain] com.yjb.CommunityApplication             : Starting CommunityApplication on DESKTOP-CCA5QDN with PID 8576 (D:\Workplace\intellij\community\target\classes started by admin in D:\Workplace\intellij\community)
2019-08-14 20:57:25.057  INFO 8576 --- [restartedMain] com.yjb.CommunityApplication             : No active profile set, falling back to default profiles: default
2019-08-14 20:57:25.150  INFO 8576 --- [restartedMain] .e.DevToolsPropertyDefaultsPostProcessor : Devtools property defaults active! Set 'spring.devtools.add-properties' to 'false' to disable
2019-08-14 20:57:25.166  INFO 8576 --- [restartedMain] .e.DevToolsPropertyDefaultsPostProcessor : For additional web related logging consider setting the 'logging.level.web' property to 'DEBUG'
2019-08-14 20:57:27.509  INFO 8576 --- [restartedMain] o.s.b.w.embedded.tomcat.TomcatWebServer  : Tomcat initialized with port(s): 8082 (http)
2019-08-14 20:57:27.541  INFO 8576 --- [restartedMain] o.apache.catalina.core.StandardService   : Starting service [Tomcat]
2019-08-14 20:57:27.541  INFO 8576 --- [restartedMain] org.apache.catalina.core.StandardEngine  : Starting Servlet engine: [Apache Tomcat/9.0.21]
2019-08-14 20:57:27.556  INFO 8576 --- [restartedMain] o.a.catalina.core.AprLifecycleListener   : An older version [1.2.17] of the APR based Apache Tomcat Native library is installed, while Tomcat recommends a minimum version of [1.2.21]
2019-08-14 20:57:27.556  INFO 8576 --- [restartedMain] o.a.catalina.core.AprLifecycleListener   : Loaded APR based Apache Tomcat Native library [1.2.17] using APR version [1.6.3].
2019-08-14 20:57:27.556  INFO 8576 --- [restartedMain] o.a.catalina.core.AprLifecycleListener   : APR capabilities: IPv6 [true], sendfile [true], accept filters [false], random [true].
2019-08-14 20:57:27.556  INFO 8576 --- [restartedMain] o.a.catalina.core.AprLifecycleListener   : APR/OpenSSL configuration: useAprConnector [false], useOpenSSL [true]
2019-08-14 20:57:28.587  INFO 8576 --- [restartedMain] o.a.catalina.core.AprLifecycleListener   : OpenSSL successfully initialized [OpenSSL 1.0.2o  27 Mar 2018]
2019-08-14 20:57:28.712  INFO 8576 --- [restartedMain] o.a.c.c.C.[Tomcat].[localhost].[/]       : Initializing Spring embedded WebApplicationContext
2019-08-14 20:57:28.712  INFO 8576 --- [restartedMain] o.s.web.context.ContextLoader            : Root WebApplicationContext: initialization completed in 3546 ms
2019-08-14 20:57:29.524  INFO 8576 --- [restartedMain] o.s.s.concurrent.ThreadPoolTaskExecutor  : Initializing ExecutorService 'applicationTaskExecutor'
2019-08-14 20:57:29.665  INFO 8576 --- [restartedMain] o.s.b.a.w.s.WelcomePageHandlerMapping    : Adding welcome page template: index
2019-08-14 20:57:29.790  INFO 8576 --- [restartedMain] o.s.s.c.ThreadPoolTaskScheduler          : Initializing ExecutorService 'taskScheduler'
2019-08-14 20:57:30.321  INFO 8576 --- [restartedMain] o.s.b.d.a.OptionalLiveReloadServer       : LiveReload server is running on port 35729
2019-08-14 20:57:30.368  INFO 8576 --- [scheduling-1] com.yjb.task.HotTagTask                  : hotTagSchedule start Wed Aug 14 20:57:30 CST 2019
2019-08-14 20:57:30.399  INFO 8576 --- [restartedMain] o.s.b.w.embedded.tomcat.TomcatWebServer  : Tomcat started on port(s): 8082 (http) with context path ''
2019-08-14 20:57:30.399  INFO 8576 --- [restartedMain] com.yjb.CommunityApplication             : Started CommunityApplication in 6.248 seconds (JVM running for 8.269)
2019-08-14 20:57:30.399  INFO 8576 --- [scheduling-1] com.zaxxer.hikari.HikariDataSource       : HikariPool-1 - Starting...
2019-08-14 20:57:30.555  INFO 8576 --- [scheduling-1] com.zaxxer.hikari.HikariDataSource       : HikariPool-1 - Start completed.
2019-08-14 20:57:58.370  INFO 8576 --- [http-nio-8082-exec-1] o.a.c.c.C.[Tomcat].[localhost].[/]       : Initializing Spring DispatcherServlet 'dispatcherServlet'
2019-08-14 20:57:58.371  INFO 8576 --- [http-nio-8082-exec-1] o.s.web.servlet.DispatcherServlet        : Initializing Servlet 'dispatcherServlet'
2019-08-14 20:57:58.389  INFO 8576 --- [http-nio-8082-exec-1] o.s.web.servlet.DispatcherServlet        : Completed initialization in 17 ms
2019-08-14 22:08:30.879  INFO 9188 --- [restartedMain] com.yjb.CommunityApplication             : Starting CommunityApplication on DESKTOP-CCA5QDN with PID 9188 (D:\Workplace\intellij\community\target\classes started by admin in D:\Workplace\intellij\community)
2019-08-14 22:08:30.895  INFO 9188 --- [restartedMain] com.yjb.CommunityApplication             : No active profile set, falling back to default profiles: default
2019-08-14 22:08:31.035  INFO 9188 --- [restartedMain] .e.DevToolsPropertyDefaultsPostProcessor : Devtools property defaults active! Set 'spring.devtools.add-properties' to 'false' to disable
2019-08-14 22:08:31.035  INFO 9188 --- [restartedMain] .e.DevToolsPropertyDefaultsPostProcessor : For additional web related logging consider setting the 'logging.level.web' property to 'DEBUG'
2019-08-14 22:08:33.363  INFO 9188 --- [restartedMain] o.s.b.w.embedded.tomcat.TomcatWebServer  : Tomcat initialized with port(s): 8082 (http)
2019-08-14 22:08:33.378  INFO 9188 --- [restartedMain] o.apache.catalina.core.StandardService   : Starting service [Tomcat]
2019-08-14 22:08:33.378  INFO 9188 --- [restartedMain] org.apache.catalina.core.StandardEngine  : Starting Servlet engine: [Apache Tomcat/9.0.21]
2019-08-14 22:08:33.394  INFO 9188 --- [restartedMain] o.a.catalina.core.AprLifecycleListener   : An older version [1.2.17] of the APR based Apache Tomcat Native library is installed, while Tomcat recommends a minimum version of [1.2.21]
2019-08-14 22:08:33.394  INFO 9188 --- [restartedMain] o.a.catalina.core.AprLifecycleListener   : Loaded APR based Apache Tomcat Native library [1.2.17] using APR version [1.6.3].
2019-08-14 22:08:33.394  INFO 9188 --- [restartedMain] o.a.catalina.core.AprLifecycleListener   : APR capabilities: IPv6 [true], sendfile [true], accept filters [false], random [true].
2019-08-14 22:08:33.394  INFO 9188 --- [restartedMain] o.a.catalina.core.AprLifecycleListener   : APR/OpenSSL configuration: useAprConnector [false], useOpenSSL [true]
2019-08-14 22:08:34.456  INFO 9188 --- [restartedMain] o.a.catalina.core.AprLifecycleListener   : OpenSSL successfully initialized [OpenSSL 1.0.2o  27 Mar 2018]
2019-08-14 22:08:34.566  INFO 9188 --- [restartedMain] o.a.c.c.C.[Tomcat].[localhost].[/]       : Initializing Spring embedded WebApplicationContext
2019-08-14 22:08:34.566  INFO 9188 --- [restartedMain] o.s.web.context.ContextLoader            : Root WebApplicationContext: initialization completed in 3531 ms
2019-08-14 22:08:35.456  INFO 9188 --- [restartedMain] o.s.s.concurrent.ThreadPoolTaskExecutor  : Initializing ExecutorService 'applicationTaskExecutor'
2019-08-14 22:08:35.597  INFO 9188 --- [restartedMain] o.s.b.a.w.s.WelcomePageHandlerMapping    : Adding welcome page template: index
2019-08-14 22:08:35.722  INFO 9188 --- [restartedMain] o.s.s.c.ThreadPoolTaskScheduler          : Initializing ExecutorService 'taskScheduler'
2019-08-14 22:08:36.300  INFO 9188 --- [restartedMain] o.s.b.d.a.OptionalLiveReloadServer       : LiveReload server is running on port 35729
2019-08-14 22:08:36.331  INFO 9188 --- [scheduling-1] com.yjb.task.HotTagTask                  : hotTagSchedule start Wed Aug 14 22:08:36 CST 2019
2019-08-14 22:08:36.378  INFO 9188 --- [restartedMain] o.s.b.w.embedded.tomcat.TomcatWebServer  : Tomcat started on port(s): 8082 (http) with context path ''
2019-08-14 22:08:36.378  INFO 9188 --- [restartedMain] com.yjb.CommunityApplication             : Started CommunityApplication in 6.233 seconds (JVM running for 8.262)
2019-08-14 22:08:36.393  INFO 9188 --- [scheduling-1] com.zaxxer.hikari.HikariDataSource       : HikariPool-1 - Starting...
2019-08-14 22:08:36.518  INFO 9188 --- [scheduling-1] com.zaxxer.hikari.HikariDataSource       : HikariPool-1 - Start completed.
2019-08-14 22:08:36.596  INFO 9188 --- [scheduling-1] com.yjb.task.HotTagTask                  : hotTagSchedule end Wed Aug 14 22:08:36 CST 2019
2019-08-14 22:08:41.893  INFO 9188 --- [http-nio-8082-exec-1] o.a.c.c.C.[Tomcat].[localhost].[/]       : Initializing Spring DispatcherServlet 'dispatcherServlet'
2019-08-14 22:08:41.894  INFO 9188 --- [http-nio-8082-exec-1] o.s.web.servlet.DispatcherServlet        : Initializing Servlet 'dispatcherServlet'
2019-08-14 22:08:41.907  INFO 9188 --- [http-nio-8082-exec-1] o.s.web.servlet.DispatcherServlet        : Completed initialization in 12 ms
2019-08-14 22:08:55.740  WARN 9188 --- [http-nio-8082-exec-5] .m.m.a.ExceptionHandlerExceptionResolver : Resolved [org.springframework.jdbc.BadSqlGrammarException: 
### Error querying database.  Cause: java.sql.SQLSyntaxErrorException: You have an error in your SQL syntax; check the manual that corresponds to your MySQL server version for the right syntax to use near '-3,3' at line 7
### The error may exist in file [D:\Workplace\intellij\community\target\classes\mapper\QuestionExtMapper.xml]
### The error may involve com.yjb.mapper.QuestionExtMapper.selectByQuestionQueryDTO-Inline
### The error occurred while setting parameters
### SQL: select *     from question      WHERE  title regexp ?                       and tag regexp ?      order by gmt_create desc limit ?,?
### Cause: java.sql.SQLSyntaxErrorException: You have an error in your SQL syntax; check the manual that corresponds to your MySQL server version for the right syntax to use near '-3,3' at line 7
; bad SQL grammar []; nested exception is java.sql.SQLSyntaxErrorException: You have an error in your SQL syntax; check the manual that corresponds to your MySQL server version for the right syntax to use near '-3,3' at line 7]
2019-08-14 22:09:06.345  INFO 9188 --- [scheduling-1] com.yjb.task.HotTagTask                  : hotTagSchedule start Wed Aug 14 22:09:06 CST 2019
2019-08-14 22:09:06.353  INFO 9188 --- [scheduling-1] com.yjb.task.HotTagTask                  : hotTagSchedule end Wed Aug 14 22:09:06 CST 2019
2019-08-14 22:09:10.549  WARN 9188 --- [http-nio-8082-exec-8] .m.m.a.ExceptionHandlerExceptionResolver : Resolved [org.springframework.jdbc.BadSqlGrammarException: 
### Error querying database.  Cause: java.sql.SQLSyntaxErrorException: You have an error in your SQL syntax; check the manual that corresponds to your MySQL server version for the right syntax to use near '-3,3' at line 7
### The error may exist in file [D:\Workplace\intellij\community\target\classes\mapper\QuestionExtMapper.xml]
### The error may involve com.yjb.mapper.QuestionExtMapper.selectByQuestionQueryDTO-Inline
### The error occurred while setting parameters
### SQL: select *     from question      WHERE  title regexp ?                       and tag regexp ?      order by gmt_create desc limit ?,?
### Cause: java.sql.SQLSyntaxErrorException: You have an error in your SQL syntax; check the manual that corresponds to your MySQL server version for the right syntax to use near '-3,3' at line 7
; bad SQL grammar []; nested exception is java.sql.SQLSyntaxErrorException: You have an error in your SQL syntax; check the manual that corresponds to your MySQL server version for the right syntax to use near '-3,3' at line 7]
2019-08-14 22:09:36.351  INFO 9188 --- [scheduling-1] com.yjb.task.HotTagTask                  : hotTagSchedule start Wed Aug 14 22:09:36 CST 2019
2019-08-14 22:09:36.355  INFO 9188 --- [scheduling-1] com.yjb.task.HotTagTask                  : hotTagSchedule end Wed Aug 14 22:09:36 CST 2019
2019-08-14 22:09:40.063  WARN 9188 --- [http-nio-8082-exec-2] .m.m.a.ExceptionHandlerExceptionResolver : Resolved [org.springframework.jdbc.BadSqlGrammarException: 
### Error querying database.  Cause: java.sql.SQLSyntaxErrorException: You have an error in your SQL syntax; check the manual that corresponds to your MySQL server version for the right syntax to use near '-3,3' at line 7
### The error may exist in file [D:\Workplace\intellij\community\target\classes\mapper\QuestionExtMapper.xml]
### The error may involve com.yjb.mapper.QuestionExtMapper.selectByQuestionQueryDTO-Inline
### The error occurred while setting parameters
### SQL: select *     from question      WHERE  title regexp ?                       and tag regexp ?      order by gmt_create desc limit ?,?
### Cause: java.sql.SQLSyntaxErrorException: You have an error in your SQL syntax; check the manual that corresponds to your MySQL server version for the right syntax to use near '-3,3' at line 7
; bad SQL grammar []; nested exception is java.sql.SQLSyntaxErrorException: You have an error in your SQL syntax; check the manual that corresponds to your MySQL server version for the right syntax to use near '-3,3' at line 7]
2019-08-14 22:10:06.351  INFO 9188 --- [scheduling-1] com.yjb.task.HotTagTask                  : hotTagSchedule start Wed Aug 14 22:10:06 CST 2019
2019-08-14 22:10:06.351  INFO 9188 --- [scheduling-1] com.yjb.task.HotTagTask                  : hotTagSchedule end Wed Aug 14 22:10:06 CST 2019
2019-08-14 22:10:36.352  INFO 9188 --- [scheduling-1] com.yjb.task.HotTagTask                  : hotTagSchedule start Wed Aug 14 22:10:36 CST 2019
2019-08-14 22:10:36.352  INFO 9188 --- [scheduling-1] com.yjb.task.HotTagTask                  : hotTagSchedule end Wed Aug 14 22:10:36 CST 2019
2019-08-14 22:11:06.345  INFO 9188 --- [scheduling-1] com.yjb.task.HotTagTask                  : hotTagSchedule start Wed Aug 14 22:11:06 CST 2019
2019-08-14 22:11:06.345  INFO 9188 --- [scheduling-1] com.yjb.task.HotTagTask                  : hotTagSchedule end Wed Aug 14 22:11:06 CST 2019
2019-08-14 22:11:36.348  INFO 9188 --- [scheduling-1] com.yjb.task.HotTagTask                  : hotTagSchedule start Wed Aug 14 22:11:36 CST 2019
2019-08-14 22:11:36.348  INFO 9188 --- [scheduling-1] com.yjb.task.HotTagTask                  : hotTagSchedule end Wed Aug 14 22:11:36 CST 2019
2019-08-14 22:11:47.742  WARN 9188 --- [http-nio-8082-exec-5] .m.m.a.ExceptionHandlerExceptionResolver : Resolved [org.springframework.jdbc.BadSqlGrammarException: 
### Error querying database.  Cause: java.sql.SQLSyntaxErrorException: You have an error in your SQL syntax; check the manual that corresponds to your MySQL server version for the right syntax to use near '-3,3' at line 7
### The error may exist in file [D:\Workplace\intellij\community\target\classes\mapper\QuestionExtMapper.xml]
### The error may involve com.yjb.mapper.QuestionExtMapper.selectByQuestionQueryDTO-Inline
### The error occurred while setting parameters
### SQL: select *     from question      WHERE  title regexp ?                       and tag regexp ?      order by gmt_create desc limit ?,?
### Cause: java.sql.SQLSyntaxErrorException: You have an error in your SQL syntax; check the manual that corresponds to your MySQL server version for the right syntax to use near '-3,3' at line 7
; bad SQL grammar []; nested exception is java.sql.SQLSyntaxErrorException: You have an error in your SQL syntax; check the manual that corresponds to your MySQL server version for the right syntax to use near '-3,3' at line 7]
2019-08-14 22:11:55.774  WARN 9188 --- [http-nio-8082-exec-7] .m.m.a.ExceptionHandlerExceptionResolver : Resolved [org.springframework.jdbc.BadSqlGrammarException: 
### Error querying database.  Cause: java.sql.SQLSyntaxErrorException: You have an error in your SQL syntax; check the manual that corresponds to your MySQL server version for the right syntax to use near '-3,3' at line 7
### The error may exist in file [D:\Workplace\intellij\community\target\classes\mapper\QuestionExtMapper.xml]
### The error may involve com.yjb.mapper.QuestionExtMapper.selectByQuestionQueryDTO-Inline
### The error occurred while setting parameters
### SQL: select *     from question      WHERE  title regexp ?                       and tag regexp ?      order by gmt_create desc limit ?,?
### Cause: java.sql.SQLSyntaxErrorException: You have an error in your SQL syntax; check the manual that corresponds to your MySQL server version for the right syntax to use near '-3,3' at line 7
; bad SQL grammar []; nested exception is java.sql.SQLSyntaxErrorException: You have an error in your SQL syntax; check the manual that corresponds to your MySQL server version for the right syntax to use near '-3,3' at line 7]
2019-08-14 22:12:03.111  WARN 9188 --- [http-nio-8082-exec-5] .m.m.a.ExceptionHandlerExceptionResolver : Resolved [org.springframework.jdbc.BadSqlGrammarException: 
### Error querying database.  Cause: java.sql.SQLSyntaxErrorException: You have an error in your SQL syntax; check the manual that corresponds to your MySQL server version for the right syntax to use near '-3,3' at line 7
### The error may exist in file [D:\Workplace\intellij\community\target\classes\mapper\QuestionExtMapper.xml]
### The error may involve com.yjb.mapper.QuestionExtMapper.selectByQuestionQueryDTO-Inline
### The error occurred while setting parameters
### SQL: select *     from question      WHERE  title regexp ?                       and tag regexp ?      order by gmt_create desc limit ?,?
### Cause: java.sql.SQLSyntaxErrorException: You have an error in your SQL syntax; check the manual that corresponds to your MySQL server version for the right syntax to use near '-3,3' at line 7
; bad SQL grammar []; nested exception is java.sql.SQLSyntaxErrorException: You have an error in your SQL syntax; check the manual that corresponds to your MySQL server version for the right syntax to use near '-3,3' at line 7]
2019-08-14 22:12:06.346  INFO 9188 --- [scheduling-1] com.yjb.task.HotTagTask                  : hotTagSchedule start Wed Aug 14 22:12:06 CST 2019
2019-08-14 22:12:06.346  INFO 9188 --- [scheduling-1] com.yjb.task.HotTagTask                  : hotTagSchedule end Wed Aug 14 22:12:06 CST 2019
2019-08-14 22:12:36.347  INFO 9188 --- [scheduling-1] com.yjb.task.HotTagTask                  : hotTagSchedule start Wed Aug 14 22:12:36 CST 2019
2019-08-14 22:12:36.347  INFO 9188 --- [scheduling-1] com.yjb.task.HotTagTask                  : hotTagSchedule end Wed Aug 14 22:12:36 CST 2019
2019-08-14 22:13:06.346  INFO 9188 --- [scheduling-1] com.yjb.task.HotTagTask                  : hotTagSchedule start Wed Aug 14 22:13:06 CST 2019
2019-08-14 22:13:06.346  INFO 9188 --- [scheduling-1] com.yjb.task.HotTagTask                  : hotTagSchedule end Wed Aug 14 22:13:06 CST 2019
2019-08-14 22:13:36.354  INFO 9188 --- [scheduling-1] com.yjb.task.HotTagTask                  : hotTagSchedule start Wed Aug 14 22:13:36 CST 2019
2019-08-14 22:13:36.354  INFO 9188 --- [scheduling-1] com.yjb.task.HotTagTask                  : hotTagSchedule end Wed Aug 14 22:13:36 CST 2019
2019-08-14 22:14:06.347  INFO 9188 --- [scheduling-1] com.yjb.task.HotTagTask                  : hotTagSchedule start Wed Aug 14 22:14:06 CST 2019
2019-08-14 22:14:06.347  INFO 9188 --- [scheduling-1] com.yjb.task.HotTagTask                  : hotTagSchedule end Wed Aug 14 22:14:06 CST 2019
2019-08-14 22:14:36.356  INFO 9188 --- [scheduling-1] com.yjb.task.HotTagTask                  : hotTagSchedule start Wed Aug 14 22:14:36 CST 2019
2019-08-14 22:14:36.356  INFO 9188 --- [scheduling-1] com.yjb.task.HotTagTask                  : hotTagSchedule end Wed Aug 14 22:14:36 CST 2019
2019-08-14 22:15:06.350  INFO 9188 --- [scheduling-1] com.yjb.task.HotTagTask                  : hotTagSchedule start Wed Aug 14 22:15:06 CST 2019
2019-08-14 22:15:06.350  INFO 9188 --- [scheduling-1] com.yjb.task.HotTagTask                  : hotTagSchedule end Wed Aug 14 22:15:06 CST 2019
2019-08-14 22:15:36.359  INFO 9188 --- [scheduling-1] com.yjb.task.HotTagTask                  : hotTagSchedule start Wed Aug 14 22:15:36 CST 2019
2019-08-14 22:15:36.359  INFO 9188 --- [scheduling-1] com.yjb.task.HotTagTask                  : hotTagSchedule end Wed Aug 14 22:15:36 CST 2019
2019-08-14 22:16:06.352  INFO 9188 --- [scheduling-1] com.yjb.task.HotTagTask                  : hotTagSchedule start Wed Aug 14 22:16:06 CST 2019
2019-08-14 22:16:06.352  INFO 9188 --- [scheduling-1] com.yjb.task.HotTagTask                  : hotTagSchedule end Wed Aug 14 22:16:06 CST 2019
2019-08-14 22:16:19.757  INFO 14028 --- [restartedMain] com.yjb.CommunityApplication             : Starting CommunityApplication on DESKTOP-CCA5QDN with PID 14028 (D:\Workplace\intellij\community\target\classes started by admin in D:\Workplace\intellij\community)
2019-08-14 22:16:19.757  INFO 14028 --- [restartedMain] com.yjb.CommunityApplication             : No active profile set, falling back to default profiles: default
2019-08-14 22:16:19.866  INFO 14028 --- [restartedMain] .e.DevToolsPropertyDefaultsPostProcessor : Devtools property defaults active! Set 'spring.devtools.add-properties' to 'false' to disable
2019-08-14 22:16:19.866  INFO 14028 --- [restartedMain] .e.DevToolsPropertyDefaultsPostProcessor : For additional web related logging consider setting the 'logging.level.web' property to 'DEBUG'
2019-08-14 22:16:22.225  INFO 14028 --- [restartedMain] o.s.b.w.embedded.tomcat.TomcatWebServer  : Tomcat initialized with port(s): 8082 (http)
2019-08-14 22:16:22.256  INFO 14028 --- [restartedMain] o.apache.catalina.core.StandardService   : Starting service [Tomcat]
2019-08-14 22:16:22.256  INFO 14028 --- [restartedMain] org.apache.catalina.core.StandardEngine  : Starting Servlet engine: [Apache Tomcat/9.0.21]
2019-08-14 22:16:22.272  INFO 14028 --- [restartedMain] o.a.catalina.core.AprLifecycleListener   : An older version [1.2.17] of the APR based Apache Tomcat Native library is installed, while Tomcat recommends a minimum version of [1.2.21]
2019-08-14 22:16:22.272  INFO 14028 --- [restartedMain] o.a.catalina.core.AprLifecycleListener   : Loaded APR based Apache Tomcat Native library [1.2.17] using APR version [1.6.3].
2019-08-14 22:16:22.272  INFO 14028 --- [restartedMain] o.a.catalina.core.AprLifecycleListener   : APR capabilities: IPv6 [true], sendfile [true], accept filters [false], random [true].
2019-08-14 22:16:22.272  INFO 14028 --- [restartedMain] o.a.catalina.core.AprLifecycleListener   : APR/OpenSSL configuration: useAprConnector [false], useOpenSSL [true]
2019-08-14 22:16:23.334  INFO 14028 --- [restartedMain] o.a.catalina.core.AprLifecycleListener   : OpenSSL successfully initialized [OpenSSL 1.0.2o  27 Mar 2018]
2019-08-14 22:16:23.459  INFO 14028 --- [restartedMain] o.a.c.c.C.[Tomcat].[localhost].[/]       : Initializing Spring embedded WebApplicationContext
2019-08-14 22:16:23.459  INFO 14028 --- [restartedMain] o.s.web.context.ContextLoader            : Root WebApplicationContext: initialization completed in 3593 ms
2019-08-14 22:16:24.256  INFO 14028 --- [restartedMain] o.s.s.concurrent.ThreadPoolTaskExecutor  : Initializing ExecutorService 'applicationTaskExecutor'
2019-08-14 22:16:24.397  INFO 14028 --- [restartedMain] o.s.b.a.w.s.WelcomePageHandlerMapping    : Adding welcome page template: index
2019-08-14 22:16:24.506  INFO 14028 --- [restartedMain] o.s.s.c.ThreadPoolTaskScheduler          : Initializing ExecutorService 'taskScheduler'
2019-08-14 22:16:25.053  INFO 14028 --- [restartedMain] o.s.b.d.a.OptionalLiveReloadServer       : LiveReload server is running on port 35729
2019-08-14 22:16:25.084  INFO 14028 --- [scheduling-1] com.yjb.task.HotTagTask                  : hotTagSchedule start Wed Aug 14 22:16:25 CST 2019
2019-08-14 22:16:25.131  INFO 14028 --- [restartedMain] o.s.b.w.embedded.tomcat.TomcatWebServer  : Tomcat started on port(s): 8082 (http) with context path ''
2019-08-14 22:16:25.131  INFO 14028 --- [restartedMain] com.yjb.CommunityApplication             : Started CommunityApplication in 6.093 seconds (JVM running for 8.082)
2019-08-14 22:16:25.131  INFO 14028 --- [scheduling-1] com.zaxxer.hikari.HikariDataSource       : HikariPool-1 - Starting...
2019-08-14 22:16:25.303  INFO 14028 --- [scheduling-1] com.zaxxer.hikari.HikariDataSource       : HikariPool-1 - Start completed.
2019-08-14 22:16:25.382  INFO 14028 --- [scheduling-1] com.yjb.task.HotTagTask                  : hotTagSchedule end Wed Aug 14 22:16:25 CST 2019
2019-08-14 22:16:29.834  INFO 14028 --- [http-nio-8082-exec-1] o.a.c.c.C.[Tomcat].[localhost].[/]       : Initializing Spring DispatcherServlet 'dispatcherServlet'
2019-08-14 22:16:29.835  INFO 14028 --- [http-nio-8082-exec-1] o.s.web.servlet.DispatcherServlet        : Initializing Servlet 'dispatcherServlet'
2019-08-14 22:16:29.852  INFO 14028 --- [http-nio-8082-exec-1] o.s.web.servlet.DispatcherServlet        : Completed initialization in 17 ms
2019-08-14 22:16:36.783 ERROR 14028 --- [http-nio-8082-exec-8] o.a.c.c.C.[.[.[/].[dispatcherServlet]    : Servlet.service() for servlet [dispatcherServlet] in context with path [] threw exception [Request processing failed; nested exception is org.springframework.jdbc.BadSqlGrammarException: 
### Error querying database.  Cause: java.sql.SQLSyntaxErrorException: You have an error in your SQL syntax; check the manual that corresponds to your MySQL server version for the right syntax to use near '-3,3' at line 7
### The error may exist in file [D:\Workplace\intellij\community\target\classes\mapper\QuestionExtMapper.xml]
### The error may involve com.yjb.mapper.QuestionExtMapper.selectByQuestionQueryDTO-Inline
### The error occurred while setting parameters
### SQL: select *     from question      WHERE  title regexp ?                       and tag regexp ?      order by gmt_create desc limit ?,?
### Cause: java.sql.SQLSyntaxErrorException: You have an error in your SQL syntax; check the manual that corresponds to your MySQL server version for the right syntax to use near '-3,3' at line 7
; bad SQL grammar []; nested exception is java.sql.SQLSyntaxErrorException: You have an error in your SQL syntax; check the manual that corresponds to your MySQL server version for the right syntax to use near '-3,3' at line 7] with root cause

java.sql.SQLSyntaxErrorException: You have an error in your SQL syntax; check the manual that corresponds to your MySQL server version for the right syntax to use near '-3,3' at line 7
	at com.mysql.cj.jdbc.exceptions.SQLError.createSQLException(SQLError.java:120) ~[mysql-connector-java-8.0.16.jar:8.0.16]
	at com.mysql.cj.jdbc.exceptions.SQLError.createSQLException(SQLError.java:97) ~[mysql-connector-java-8.0.16.jar:8.0.16]
	at com.mysql.cj.jdbc.exceptions.SQLExceptionsMapping.translateException(SQLExceptionsMapping.java:122) ~[mysql-connector-java-8.0.16.jar:8.0.16]
	at com.mysql.cj.jdbc.ClientPreparedStatement.executeInternal(ClientPreparedStatement.java:955) ~[mysql-connector-java-8.0.16.jar:8.0.16]
	at com.mysql.cj.jdbc.ClientPreparedStatement.execute(ClientPreparedStatement.java:372) ~[mysql-connector-java-8.0.16.jar:8.0.16]
	at com.zaxxer.hikari.pool.ProxyPreparedStatement.execute(ProxyPreparedStatement.java:44) ~[HikariCP-3.2.0.jar:na]
	at com.zaxxer.hikari.pool.HikariProxyPreparedStatement.execute(HikariProxyPreparedStatement.java) ~[HikariCP-3.2.0.jar:na]
	at org.apache.ibatis.executor.statement.PreparedStatementHandler.query(PreparedStatementHandler.java:64) ~[mybatis-3.5.1.jar:3.5.1]
	at org.apache.ibatis.executor.statement.RoutingStatementHandler.query(RoutingStatementHandler.java:79) ~[mybatis-3.5.1.jar:3.5.1]
	at org.apache.ibatis.executor.SimpleExecutor.doQuery(SimpleExecutor.java:63) ~[mybatis-3.5.1.jar:3.5.1]
	at org.apache.ibatis.executor.BaseExecutor.queryFromDatabase(BaseExecutor.java:324) ~[mybatis-3.5.1.jar:3.5.1]
	at org.apache.ibatis.executor.BaseExecutor.query(BaseExecutor.java:156) ~[mybatis-3.5.1.jar:3.5.1]
	at org.apache.ibatis.executor.CachingExecutor.query(CachingExecutor.java:109) ~[mybatis-3.5.1.jar:3.5.1]
	at org.apache.ibatis.executor.CachingExecutor.query(CachingExecutor.java:83) ~[mybatis-3.5.1.jar:3.5.1]
	at org.apache.ibatis.session.defaults.DefaultSqlSession.selectList(DefaultSqlSession.java:147) ~[mybatis-3.5.1.jar:3.5.1]
	at org.apache.ibatis.session.defaults.DefaultSqlSession.selectList(DefaultSqlSession.java:140) ~[mybatis-3.5.1.jar:3.5.1]
	at sun.reflect.GeneratedMethodAccessor77.invoke(Unknown Source) ~[na:na]
	at sun.reflect.DelegatingMethodAccessorImpl.invoke(DelegatingMethodAccessorImpl.java:43) ~[na:1.8.0_171]
	at java.lang.reflect.Method.invoke(Method.java:498) ~[na:1.8.0_171]
	at org.mybatis.spring.SqlSessionTemplate$SqlSessionInterceptor.invoke(SqlSessionTemplate.java:433) ~[mybatis-spring-2.0.1.jar:2.0.1]
	at com.sun.proxy.$Proxy59.selectList(Unknown Source) ~[na:na]
	at org.mybatis.spring.SqlSessionTemplate.selectList(SqlSessionTemplate.java:230) ~[mybatis-spring-2.0.1.jar:2.0.1]
	at org.apache.ibatis.binding.MapperMethod.executeForMany(MapperMethod.java:147) ~[mybatis-3.5.1.jar:3.5.1]
	at org.apache.ibatis.binding.MapperMethod.execute(MapperMethod.java:80) ~[mybatis-3.5.1.jar:3.5.1]
	at org.apache.ibatis.binding.MapperProxy.invoke(MapperProxy.java:58) ~[mybatis-3.5.1.jar:3.5.1]
	at com.sun.proxy.$Proxy63.selectByQuestionQueryDTO(Unknown Source) ~[na:na]
	at com.yjb.service.QuestionService.list(QuestionService.java:76) ~[classes/:na]
	at com.yjb.controller.IndexController.toIndex(IndexController.java:33) ~[classes/:na]
	at sun.reflect.NativeMethodAccessorImpl.invoke0(Native Method) ~[na:1.8.0_171]
	at sun.reflect.NativeMethodAccessorImpl.invoke(NativeMethodAccessorImpl.java:62) ~[na:1.8.0_171]
	at sun.reflect.DelegatingMethodAccessorImpl.invoke(DelegatingMethodAccessorImpl.java:43) ~[na:1.8.0_171]
	at java.lang.reflect.Method.invoke(Method.java:498) ~[na:1.8.0_171]
	at org.springframework.web.method.support.InvocableHandlerMethod.doInvoke(InvocableHandlerMethod.java:190) ~[spring-web-5.1.8.RELEASE.jar:5.1.8.RELEASE]
	at org.springframework.web.method.support.InvocableHandlerMethod.invokeForRequest(InvocableHandlerMethod.java:138) ~[spring-web-5.1.8.RELEASE.jar:5.1.8.RELEASE]
	at org.springframework.web.servlet.mvc.method.annotation.ServletInvocableHandlerMethod.invokeAndHandle(ServletInvocableHandlerMethod.java:104) ~[spring-webmvc-5.1.8.RELEASE.jar:5.1.8.RELEASE]
	at org.springframework.web.servlet.mvc.method.annotation.RequestMappingHandlerAdapter.invokeHandlerMethod(RequestMappingHandlerAdapter.java:892) ~[spring-webmvc-5.1.8.RELEASE.jar:5.1.8.RELEASE]
	at org.springframework.web.servlet.mvc.method.annotation.RequestMappingHandlerAdapter.handleInternal(RequestMappingHandlerAdapter.java:797) ~[spring-webmvc-5.1.8.RELEASE.jar:5.1.8.RELEASE]
	at org.springframework.web.servlet.mvc.method.AbstractHandlerMethodAdapter.handle(AbstractHandlerMethodAdapter.java:87) ~[spring-webmvc-5.1.8.RELEASE.jar:5.1.8.RELEASE]
	at org.springframework.web.servlet.DispatcherServlet.doDispatch(DispatcherServlet.java:1039) ~[spring-webmvc-5.1.8.RELEASE.jar:5.1.8.RELEASE]
	at org.springframework.web.servlet.DispatcherServlet.doService(DispatcherServlet.java:942) ~[spring-webmvc-5.1.8.RELEASE.jar:5.1.8.RELEASE]
	at org.springframework.web.servlet.FrameworkServlet.processRequest(FrameworkServlet.java:1005) ~[spring-webmvc-5.1.8.RELEASE.jar:5.1.8.RELEASE]
	at org.springframework.web.servlet.FrameworkServlet.doGet(FrameworkServlet.java:897) ~[spring-webmvc-5.1.8.RELEASE.jar:5.1.8.RELEASE]
	at javax.servlet.http.HttpServlet.service(HttpServlet.java:634) ~[servlet-api.jar:na]
	at org.springframework.web.servlet.FrameworkServlet.service(FrameworkServlet.java:882) ~[spring-webmvc-5.1.8.RELEASE.jar:5.1.8.RELEASE]
	at javax.servlet.http.HttpServlet.service(HttpServlet.java:741) ~[servlet-api.jar:na]
	at org.apache.catalina.core.ApplicationFilterChain.internalDoFilter(ApplicationFilterChain.java:231) ~[tomcat-embed-core-9.0.21.jar:9.0.21]
	at org.apache.catalina.core.ApplicationFilterChain.doFilter(ApplicationFilterChain.java:166) ~[tomcat-embed-core-9.0.21.jar:9.0.21]
	at org.apache.tomcat.websocket.server.WsFilter.doFilter(WsFilter.java:53) ~[tomcat-embed-websocket-9.0.21.jar:9.0.21]
	at org.apache.catalina.core.ApplicationFilterChain.internalDoFilter(ApplicationFilterChain.java:193) ~[tomcat-embed-core-9.0.21.jar:9.0.21]
	at org.apache.catalina.core.ApplicationFilterChain.doFilter(ApplicationFilterChain.java:166) ~[tomcat-embed-core-9.0.21.jar:9.0.21]
	at org.springframework.web.filter.RequestContextFilter.doFilterInternal(RequestContextFilter.java:99) ~[spring-web-5.1.8.RELEASE.jar:5.1.8.RELEASE]
	at org.springframework.web.filter.OncePerRequestFilter.doFilter(OncePerRequestFilter.java:109) ~[spring-web-5.1.8.RELEASE.jar:5.1.8.RELEASE]
	at org.apache.catalina.core.ApplicationFilterChain.internalDoFilter(ApplicationFilterChain.java:193) ~[tomcat-embed-core-9.0.21.jar:9.0.21]
	at org.apache.catalina.core.ApplicationFilterChain.doFilter(ApplicationFilterChain.java:166) ~[tomcat-embed-core-9.0.21.jar:9.0.21]
	at org.springframework.web.filter.FormContentFilter.doFilterInternal(FormContentFilter.java:92) ~[spring-web-5.1.8.RELEASE.jar:5.1.8.RELEASE]
	at org.springframework.web.filter.OncePerRequestFilter.doFilter(OncePerRequestFilter.java:109) ~[spring-web-5.1.8.RELEASE.jar:5.1.8.RELEASE]
	at org.apache.catalina.core.ApplicationFilterChain.internalDoFilter(ApplicationFilterChain.java:193) ~[tomcat-embed-core-9.0.21.jar:9.0.21]
	at org.apache.catalina.core.ApplicationFilterChain.doFilter(ApplicationFilterChain.java:166) ~[tomcat-embed-core-9.0.21.jar:9.0.21]
	at org.springframework.web.filter.HiddenHttpMethodFilter.doFilterInternal(HiddenHttpMethodFilter.java:93) ~[spring-web-5.1.8.RELEASE.jar:5.1.8.RELEASE]
	at org.springframework.web.filter.OncePerRequestFilter.doFilter(OncePerRequestFilter.java:109) ~[spring-web-5.1.8.RELEASE.jar:5.1.8.RELEASE]
	at org.apache.catalina.core.ApplicationFilterChain.internalDoFilter(ApplicationFilterChain.java:193) ~[tomcat-embed-core-9.0.21.jar:9.0.21]
	at org.apache.catalina.core.ApplicationFilterChain.doFilter(ApplicationFilterChain.java:166) ~[tomcat-embed-core-9.0.21.jar:9.0.21]
	at org.springframework.web.filter.CharacterEncodingFilter.doFilterInternal(CharacterEncodingFilter.java:200) ~[spring-web-5.1.8.RELEASE.jar:5.1.8.RELEASE]
	at org.springframework.web.filter.OncePerRequestFilter.doFilter(OncePerRequestFilter.java:109) ~[spring-web-5.1.8.RELEASE.jar:5.1.8.RELEASE]
	at org.apache.catalina.core.ApplicationFilterChain.internalDoFilter(ApplicationFilterChain.java:193) ~[tomcat-embed-core-9.0.21.jar:9.0.21]
	at org.apache.catalina.core.ApplicationFilterChain.doFilter(ApplicationFilterChain.java:166) ~[tomcat-embed-core-9.0.21.jar:9.0.21]
	at org.apache.catalina.core.StandardWrapperValve.invoke(StandardWrapperValve.java:202) ~[tomcat-embed-core-9.0.21.jar:9.0.21]
	at org.apache.catalina.core.StandardContextValve.invoke(StandardContextValve.java:96) [tomcat-embed-core-9.0.21.jar:9.0.21]
	at org.apache.catalina.authenticator.AuthenticatorBase.invoke(AuthenticatorBase.java:490) [tomcat-embed-core-9.0.21.jar:9.0.21]
	at org.apache.catalina.core.StandardHostValve.invoke(StandardHostValve.java:139) [tomcat-embed-core-9.0.21.jar:9.0.21]
	at org.apache.catalina.valves.ErrorReportValve.invoke(ErrorReportValve.java:92) [tomcat-embed-core-9.0.21.jar:9.0.21]
	at org.apache.catalina.core.StandardEngineValve.invoke(StandardEngineValve.java:74) [tomcat-embed-core-9.0.21.jar:9.0.21]
	at org.apache.catalina.connector.CoyoteAdapter.service(CoyoteAdapter.java:343) [tomcat-embed-core-9.0.21.jar:9.0.21]
	at org.apache.coyote.http11.Http11Processor.service(Http11Processor.java:408) [tomcat-embed-core-9.0.21.jar:9.0.21]
	at org.apache.coyote.AbstractProcessorLight.process(AbstractProcessorLight.java:66) [tomcat-embed-core-9.0.21.jar:9.0.21]
	at org.apache.coyote.AbstractProtocol$ConnectionHandler.process(AbstractProtocol.java:853) [tomcat-embed-core-9.0.21.jar:9.0.21]
	at org.apache.tomcat.util.net.NioEndpoint$SocketProcessor.doRun(NioEndpoint.java:1587) [tomcat-embed-core-9.0.21.jar:9.0.21]
	at org.apache.tomcat.util.net.SocketProcessorBase.run(SocketProcessorBase.java:49) [tomcat-embed-core-9.0.21.jar:9.0.21]
	at java.util.concurrent.ThreadPoolExecutor.runWorker(ThreadPoolExecutor.java:1149) [na:1.8.0_171]
	at java.util.concurrent.ThreadPoolExecutor$Worker.run(ThreadPoolExecutor.java:624) [na:1.8.0_171]
	at org.apache.tomcat.util.threads.TaskThread$WrappingRunnable.run(TaskThread.java:61) [tomcat-embed-core-9.0.21.jar:9.0.21]
	at java.lang.Thread.run(Thread.java:748) [na:1.8.0_171]

2019-08-14 22:16:55.100  INFO 14028 --- [scheduling-1] com.yjb.task.HotTagTask                  : hotTagSchedule start Wed Aug 14 22:16:55 CST 2019
2019-08-14 22:16:55.100  INFO 14028 --- [scheduling-1] com.yjb.task.HotTagTask                  : hotTagSchedule end Wed Aug 14 22:16:55 CST 2019
2019-08-14 22:17:25.107  INFO 14028 --- [scheduling-1] com.yjb.task.HotTagTask                  : hotTagSchedule start Wed Aug 14 22:17:25 CST 2019
2019-08-14 22:17:25.138  INFO 14028 --- [scheduling-1] com.yjb.task.HotTagTask                  : hotTagSchedule end Wed Aug 14 22:17:25 CST 2019
2019-08-14 22:17:55.100  INFO 14028 --- [scheduling-1] com.yjb.task.HotTagTask                  : hotTagSchedule start Wed Aug 14 22:17:55 CST 2019
2019-08-14 22:17:55.131  INFO 14028 --- [scheduling-1] com.yjb.task.HotTagTask                  : hotTagSchedule end Wed Aug 14 22:17:55 CST 2019
2019-08-14 22:18:25.109  INFO 14028 --- [scheduling-1] com.yjb.task.HotTagTask                  : hotTagSchedule start Wed Aug 14 22:18:25 CST 2019
2019-08-14 22:18:25.109  INFO 14028 --- [scheduling-1] com.yjb.task.HotTagTask                  : hotTagSchedule end Wed Aug 14 22:18:25 CST 2019
2019-08-14 22:18:55.101  INFO 14028 --- [scheduling-1] com.yjb.task.HotTagTask                  : hotTagSchedule start Wed Aug 14 22:18:55 CST 2019
2019-08-14 22:18:55.101  INFO 14028 --- [scheduling-1] com.yjb.task.HotTagTask                  : hotTagSchedule end Wed Aug 14 22:18:55 CST 2019
2019-08-14 22:19:25.110  INFO 14028 --- [scheduling-1] com.yjb.task.HotTagTask                  : hotTagSchedule start Wed Aug 14 22:19:25 CST 2019
2019-08-14 22:19:25.110  INFO 14028 --- [scheduling-1] com.yjb.task.HotTagTask                  : hotTagSchedule end Wed Aug 14 22:19:25 CST 2019
2019-08-14 22:19:55.103  INFO 14028 --- [scheduling-1] com.yjb.task.HotTagTask                  : hotTagSchedule start Wed Aug 14 22:19:55 CST 2019
2019-08-14 22:19:55.103  INFO 14028 --- [scheduling-1] com.yjb.task.HotTagTask                  : hotTagSchedule end Wed Aug 14 22:19:55 CST 2019
2019-08-14 22:20:25.096  INFO 14028 --- [scheduling-1] com.yjb.task.HotTagTask                  : hotTagSchedule start Wed Aug 14 22:20:25 CST 2019
2019-08-14 22:20:25.096  INFO 14028 --- [scheduling-1] com.yjb.task.HotTagTask                  : hotTagSchedule end Wed Aug 14 22:20:25 CST 2019
2019-08-14 22:20:55.105  INFO 14028 --- [scheduling-1] com.yjb.task.HotTagTask                  : hotTagSchedule start Wed Aug 14 22:20:55 CST 2019
2019-08-14 22:20:55.120  INFO 14028 --- [scheduling-1] com.yjb.task.HotTagTask                  : hotTagSchedule end Wed Aug 14 22:20:55 CST 2019
2019-08-14 22:21:22.024  INFO 3068 --- [restartedMain] com.yjb.CommunityApplication             : Starting CommunityApplication on DESKTOP-CCA5QDN with PID 3068 (D:\Workplace\intellij\community\target\classes started by admin in D:\Workplace\intellij\community)
2019-08-14 22:21:22.024  INFO 3068 --- [restartedMain] com.yjb.CommunityApplication             : No active profile set, falling back to default profiles: default
2019-08-14 22:21:22.165  INFO 3068 --- [restartedMain] .e.DevToolsPropertyDefaultsPostProcessor : Devtools property defaults active! Set 'spring.devtools.add-properties' to 'false' to disable
2019-08-14 22:21:22.165  INFO 3068 --- [restartedMain] .e.DevToolsPropertyDefaultsPostProcessor : For additional web related logging consider setting the 'logging.level.web' property to 'DEBUG'
2019-08-14 22:21:24.649  INFO 3068 --- [restartedMain] o.s.b.w.embedded.tomcat.TomcatWebServer  : Tomcat initialized with port(s): 8082 (http)
2019-08-14 22:21:24.664  INFO 3068 --- [restartedMain] o.apache.catalina.core.StandardService   : Starting service [Tomcat]
2019-08-14 22:21:24.664  INFO 3068 --- [restartedMain] org.apache.catalina.core.StandardEngine  : Starting Servlet engine: [Apache Tomcat/9.0.21]
2019-08-14 22:21:24.680  INFO 3068 --- [restartedMain] o.a.catalina.core.AprLifecycleListener   : An older version [1.2.17] of the APR based Apache Tomcat Native library is installed, while Tomcat recommends a minimum version of [1.2.21]
2019-08-14 22:21:24.680  INFO 3068 --- [restartedMain] o.a.catalina.core.AprLifecycleListener   : Loaded APR based Apache Tomcat Native library [1.2.17] using APR version [1.6.3].
2019-08-14 22:21:24.680  INFO 3068 --- [restartedMain] o.a.catalina.core.AprLifecycleListener   : APR capabilities: IPv6 [true], sendfile [true], accept filters [false], random [true].
2019-08-14 22:21:24.680  INFO 3068 --- [restartedMain] o.a.catalina.core.AprLifecycleListener   : APR/OpenSSL configuration: useAprConnector [false], useOpenSSL [true]
2019-08-14 22:21:25.727  INFO 3068 --- [restartedMain] o.a.catalina.core.AprLifecycleListener   : OpenSSL successfully initialized [OpenSSL 1.0.2o  27 Mar 2018]
2019-08-14 22:21:25.836  INFO 3068 --- [restartedMain] o.a.c.c.C.[Tomcat].[localhost].[/]       : Initializing Spring embedded WebApplicationContext
2019-08-14 22:21:25.836  INFO 3068 --- [restartedMain] o.s.web.context.ContextLoader            : Root WebApplicationContext: initialization completed in 3671 ms
2019-08-14 22:21:26.648  INFO 3068 --- [restartedMain] o.s.s.concurrent.ThreadPoolTaskExecutor  : Initializing ExecutorService 'applicationTaskExecutor'
2019-08-14 22:21:26.789  INFO 3068 --- [restartedMain] o.s.b.a.w.s.WelcomePageHandlerMapping    : Adding welcome page template: index
2019-08-14 22:21:26.898  INFO 3068 --- [restartedMain] o.s.s.c.ThreadPoolTaskScheduler          : Initializing ExecutorService 'taskScheduler'
2019-08-14 22:21:27.445  INFO 3068 --- [restartedMain] o.s.b.d.a.OptionalLiveReloadServer       : LiveReload server is running on port 35729
2019-08-14 22:21:27.476  INFO 3068 --- [scheduling-1] com.yjb.task.HotTagTask                  : hotTagSchedule start Wed Aug 14 22:21:27 CST 2019
2019-08-14 22:21:27.523  INFO 3068 --- [restartedMain] o.s.b.w.embedded.tomcat.TomcatWebServer  : Tomcat started on port(s): 8082 (http) with context path ''
2019-08-14 22:21:27.523  INFO 3068 --- [restartedMain] com.yjb.CommunityApplication             : Started CommunityApplication in 6.28 seconds (JVM running for 8.244)
2019-08-14 22:21:27.539  INFO 3068 --- [scheduling-1] com.zaxxer.hikari.HikariDataSource       : HikariPool-1 - Starting...
2019-08-14 22:21:27.695  INFO 3068 --- [scheduling-1] com.zaxxer.hikari.HikariDataSource       : HikariPool-1 - Start completed.
2019-08-14 22:21:27.757  INFO 3068 --- [scheduling-1] com.yjb.task.HotTagTask                  : hotTagSchedule end Wed Aug 14 22:21:27 CST 2019
2019-08-14 22:21:33.835  INFO 3068 --- [http-nio-8082-exec-1] o.a.c.c.C.[Tomcat].[localhost].[/]       : Initializing Spring DispatcherServlet 'dispatcherServlet'
2019-08-14 22:21:33.835  INFO 3068 --- [http-nio-8082-exec-1] o.s.web.servlet.DispatcherServlet        : Initializing Servlet 'dispatcherServlet'
2019-08-14 22:21:33.848  INFO 3068 --- [http-nio-8082-exec-1] o.s.web.servlet.DispatcherServlet        : Completed initialization in 12 ms
2019-08-14 22:21:57.490  INFO 3068 --- [scheduling-1] com.yjb.task.HotTagTask                  : hotTagSchedule start Wed Aug 14 22:21:57 CST 2019
2019-08-14 22:21:57.499  INFO 3068 --- [scheduling-1] com.yjb.task.HotTagTask                  : hotTagSchedule end Wed Aug 14 22:21:57 CST 2019
